<?xml version="1.0" encoding="UTF-8"?>
<testng-results skipped="0" failed="0" total="1" passed="1">
  <reporter-output>
  </reporter-output>
  <suite name="Default suite" duration-ms="2148" started-at="2020-09-28T08:09:30Z" finished-at="2020-09-28T08:09:32Z">
    <groups>
    </groups>
    <test name="Default test" duration-ms="2148" started-at="2020-09-28T08:09:30Z" finished-at="2020-09-28T08:09:32Z">
      <class name="com.java.tests.ProfilePageTests">
        <test-method status="PASS" signature="oneTimeSetUp()[pri:0, instance:com.java.tests.ProfilePageTests@6e1567f1]" name="oneTimeSetUp" is-config="true" duration-ms="11497" started-at="2020-09-28T13:39:19Z" description="Logging the application" finished-at="2020-09-28T13:39:30Z">
          <reporter-output>
          </reporter-output>
        </test-method> <!-- oneTimeSetUp -->
        <test-method status="PASS" signature="testResume()[pri:0, instance:com.java.tests.ProfilePageTests@6e1567f1]" name="testResume" duration-ms="2139" started-at="2020-09-28T13:39:30Z" description="Click on Resume Button Test" finished-at="2020-09-28T13:39:32Z">
          <reporter-output>
          </reporter-output>
        </test-method> <!-- testResume -->
        <test-method status="PASS" signature="tearUp()[pri:0, instance:com.java.tests.ProfilePageTests@6e1567f1]" name="tearUp" is-config="true" duration-ms="1401" started-at="2020-09-28T13:39:32Z" description="Logout and tearUp" finished-at="2020-09-28T13:39:34Z">
          <reporter-output>
          </reporter-output>
        </test-method> <!-- tearUp -->
      </class> <!-- com.java.tests.ProfilePageTests -->
    </test> <!-- Default test -->
  </suite> <!-- Default suite -->
</testng-results>
