<?xml version="1.0" encoding="UTF-8"?>
<!-- Generated by org.testng.reporters.JUnitXMLReporter -->
<testsuite hostname="INWPF1WZ0CG-AAD" name="Selenium Test Scenarios" tests="3" failures="0" timestamp="3 Oct 2020 16:58:03 GMT" time="52.967" errors="0">
  <testcase name="geoLocationTest" time="26.949" classname="com.java.tests.GPSLocationTest"/>
  <testcase name="testResume" time="8.729" classname="com.java.tests.ProfilePageTests"/>
  <testcase name="testFileDownload" time="17.236" classname="com.java.tests.SeleniumEasyDemoTests"/>
</testsuite> <!-- Selenium Test Scenarios -->
